<?xml version="1.0" encoding="UTF-8"?>
<!-- Generated by org.testng.reporters.JUnitReportReporter -->
<testsuite hostname="DESKTOP-5QJIP4S" failures="0" tests="1" name="com.qa.testLayer.LoginPageTest" time="28.858" errors="0" timestamp="2022-09-21T14:38:45 IST" skipped="0">
  <testcase classname="com.qa.testLayer.LoginPageTest" name="verifyLoginFunctionality" time="28.858"/>
  <system-out/>
</testsuite> <!-- com.qa.testLayer.LoginPageTest -->
